e2024-01-26T12:40:12.918+01:00 [APP LOGGER] INFO +++++++++++++++++ STARTING APP - log Level: 10 +++++++++++++++++
2024-01-26T12:40:15.605+01:00 [APP LOGGER] INFO Logger pid: 24860
2024-01-26T12:40:15.605+01:00 [APP LOGGER] INFO >>> STARTING LOGGER <<<
2024-01-26T12:45:42.230+01:00 [APP LOGGER] INFO +++++++++++++++++ STARTING APP - log Level: 10 +++++++++++++++++
2024-01-26T12:45:42.321+01:00 [APP LOGGER] INFO Logger pid: 24072
2024-01-26T12:45:42.321+01:00 [APP LOGGER] INFO >>> STARTING LOGGER <<<
2024-01-26T12:48:39.455+01:00 [APP LOGGER] INFO +++++++++++++++++ STARTING APP - log Level: 10 +++++++++++++++++
2024-01-26T12:48:39.546+01:00 [APP LOGGER] INFO Logger pid: 22912
2024-01-26T12:48:39.546+01:00 [APP LOGGER] INFO >>> STARTING LOGGER <<<
2024-01-26T12:50:16.169+01:00 [APP LOGGER] INFO +++++++++++++++++ STARTING APP - log Level: 10 +++++++++++++++++
2024-01-26T12:50:16.261+01:00 [APP LOGGER] INFO Logger pid: 24460
2024-01-26T12:50:16.262+01:00 [APP LOGGER] INFO +++++++++++++++++ STOPPING APP FROM LOGGER +++++++++++++++++
2024-01-26T13:02:45.657+01:00 [APP LOGGER] INFO +++++++++++++++++ STARTING APP - log Level: 10 +++++++++++++++++
2024-01-26T13:02:45.767+01:00 [APP LOGGER] INFO Logger pid: 15568
2024-01-26T13:02:45.768+01:00 [APP LOGGER] INFO +++++++++++++++++ STOPPING APP FROM LOGGER +++++++++++++++++
2024-01-26T13:03:59.853+01:00 [APP LOGGER] INFO +++++++++++++++++ STARTING APP - log Level: 10 +++++++++++++++++
2024-01-26T13:03:59.950+01:00 [APP LOGGER] INFO Logger pid: 23468
2024-01-26T13:03:59.950+01:00 [APP LOGGER] INFO +++++++++++++++++ STOPPING APP FROM LOGGER +++++++++++++++++
2024-01-26T13:05:07.441+01:00 [APP LOGGER] INFO +++++++++++++++++ STARTING APP - log Level: 10 +++++++++++++++++
2024-01-26T13:05:07.548+01:00 [APP LOGGER] INFO Logger pid: 10080
2024-01-26T13:05:07.548+01:00 [APP LOGGER] INFO +++++++++++++++++ STOPPING APP FROM LOGGER +++++++++++++++++
2024-01-26T13:05:14.914+01:00 [APP LOGGER] INFO +++++++++++++++++ STARTING APP - log Level: 10 +++++++++++++++++
2024-01-26T13:05:15.006+01:00 [APP LOGGER] INFO Logger pid: 2868
2024-01-26T13:05:15.006+01:00 [APP LOGGER] INFO +++++++++++++++++ STOPPING APP FROM LOGGER +++++++++++++++++
2024-01-26T13:08:45.664+01:00 [APP LOGGER] INFO +++++++++++++++++ STARTING APP - log Level: 10 +++++++++++++++++
2024-01-26T13:08:45.756+01:00 [APP LOGGER] INFO Logger pid: 11748
2024-01-26T13:08:45.756+01:00 [APP LOGGER] INFO +++++++++++++++++ STOPPING APP FROM LOGGER +++++++++++++++++
2024-01-26T13:14:42.714+01:00 [APP LOGGER] INFO +++++++++++++++++ STARTING APP - log Level: 10 +++++++++++++++++
2024-01-26T13:14:42.801+01:00 [APP LOGGER] INFO Logger pid: 17524
2024-01-26T13:14:42.802+01:00 [APP LOGGER] INFO +++++++++++++++++ STOPPING APP FROM LOGGER +++++++++++++++++
2024-01-26T13:15:03.358+01:00 [APP LOGGER] INFO +++++++++++++++++ STARTING APP - log Level: 10 +++++++++++++++++
2024-01-26T13:15:03.449+01:00 [APP LOGGER] INFO Logger pid: 25256
2024-01-26T13:15:03.450+01:00 [APP LOGGER] INFO +++++++++++++++++ STOPPING APP FROM LOGGER +++++++++++++++++
2024-01-26T13:15:17.955+01:00 [APP LOGGER] INFO +++++++++++++++++ STARTING APP - log Level: 10 +++++++++++++++++
2024-01-26T13:15:18.054+01:00 [APP LOGGER] INFO Logger pid: 25456
2024-01-26T13:15:18.054+01:00 [APP LOGGER] INFO +++++++++++++++++ STOPPING APP FROM LOGGER +++++++++++++++++
2024-01-26T13:15:31.179+01:00 [APP LOGGER] INFO +++++++++++++++++ STARTING APP - log Level: 10 +++++++++++++++++
2024-01-26T13:15:31.271+01:00 [APP LOGGER] INFO Logger pid: 14944
2024-01-26T13:15:31.272+01:00 [APP LOGGER] INFO +++++++++++++++++ STOPPING APP FROM LOGGER +++++++++++++++++
2024-01-26T13:18:56.607+01:00 [APP LOGGER] INFO +++++++++++++++++ STARTING APP - log Level: 10 +++++++++++++++++
2024-01-26T13:18:56.724+01:00 [APP LOGGER] INFO Logger pid: 24656
2024-01-26T13:18:56.725+01:00 [APP LOGGER] INFO +++++++++++++++++ STOPPING APP FROM LOGGER +++++++++++++++++
2024-01-26T13:19:16.056+01:00 [APP LOGGER] INFO +++++++++++++++++ STARTING APP - log Level: 10 +++++++++++++++++
2024-01-26T13:19:16.149+01:00 [APP LOGGER] INFO Logger pid: 12772
2024-01-26T13:19:16.149+01:00 [APP LOGGER] INFO +++++++++++++++++ STOPPING APP FROM LOGGER +++++++++++++++++
2024-01-26T13:19:33.126+01:00 [APP LOGGER] INFO +++++++++++++++++ STARTING APP - log Level: 10 +++++++++++++++++
2024-01-26T13:19:33.218+01:00 [APP LOGGER] INFO Logger pid: 24228
2024-01-26T13:19:33.218+01:00 [APP LOGGER] INFO +++++++++++++++++ STOPPING APP FROM LOGGER +++++++++++++++++
2024-01-26T13:19:49.878+01:00 [APP LOGGER] INFO +++++++++++++++++ STARTING APP - log Level: 10 +++++++++++++++++
2024-01-26T13:19:49.974+01:00 [APP LOGGER] INFO Logger pid: 17024
2024-01-26T13:19:49.974+01:00 [APP LOGGER] INFO +++++++++++++++++ STOPPING APP FROM LOGGER +++++++++++++++++
2024-01-26T13:20:31.848+01:00 [APP LOGGER] INFO +++++++++++++++++ STARTING APP - log Level: 10 +++++++++++++++++
2024-01-26T13:20:31.995+01:00 [APP LOGGER] INFO Logger pid: 11092
2024-01-26T13:20:31.996+01:00 [APP LOGGER] INFO +++++++++++++++++ STOPPING APP FROM LOGGER +++++++++++++++++
2024-01-26T13:20:45.575+01:00 [APP LOGGER] INFO +++++++++++++++++ STARTING APP - log Level: 10 +++++++++++++++++
2024-01-26T13:20:45.674+01:00 [APP LOGGER] INFO Logger pid: 1908
2024-01-26T13:20:45.675+01:00 [APP LOGGER] INFO +++++++++++++++++ STOPPING APP FROM LOGGER +++++++++++++++++
2024-01-26T13:20:49.089+01:00 [APP LOGGER] INFO +++++++++++++++++ STARTING APP - log Level: 10 +++++++++++++++++
2024-01-26T13:20:49.182+01:00 [APP LOGGER] INFO Logger pid: 20128
2024-01-26T13:20:49.182+01:00 [APP LOGGER] INFO +++++++++++++++++ STOPPING APP FROM LOGGER +++++++++++++++++
2024-01-26T13:20:51.103+01:00 [APP LOGGER] INFO +++++++++++++++++ STARTING APP - log Level: 10 +++++++++++++++++
2024-01-26T13:20:51.198+01:00 [APP LOGGER] INFO Logger pid: 19836
2024-01-26T13:20:51.199+01:00 [APP LOGGER] INFO +++++++++++++++++ STOPPING APP FROM LOGGER +++++++++++++++++
2024-01-26T13:21:02.148+01:00 [APP LOGGER] INFO +++++++++++++++++ STARTING APP - log Level: 10 +++++++++++++++++
2024-01-26T13:21:02.245+01:00 [APP LOGGER] INFO Logger pid: 23208
2024-01-26T13:21:02.245+01:00 [APP LOGGER] INFO +++++++++++++++++ STOPPING APP FROM LOGGER +++++++++++++++++
2024-01-26T13:24:05.859+01:00 [APP LOGGER] INFO +++++++++++++++++ STARTING APP - log Level: 10 +++++++++++++++++
2024-01-26T13:24:05.957+01:00 [APP LOGGER] INFO Logger pid: 7532
2024-01-26T13:24:05.958+01:00 [APP LOGGER] INFO +++++++++++++++++ STOPPING APP FROM LOGGER +++++++++++++++++
2024-01-26T13:29:57.458+01:00 [APP LOGGER] INFO +++++++++++++++++ STARTING APP - log Level: 10 +++++++++++++++++
2024-01-26T13:29:57.555+01:00 [APP LOGGER] INFO Logger pid: 18916
2024-01-26T13:29:57.556+01:00 [APP LOGGER] INFO >>> STARTING LOGGER <<<
2024-01-26T13:29:57.556+01:00 [APP LOGGER] INFO FTP service init succeed
2024-01-26T13:29:59.975+01:00 [APP LOGGER] INFO Connected with success
2024-01-26T13:32:15.241+01:00 [APP LOGGER] INFO >>> STOPPING APP <<<
2024-01-26T13:32:15.341+01:00 [APP LOGGER] INFO +++++++++++++++++ STOPPING APP FROM LOGGER +++++++++++++++++
2024-01-26T13:42:40.815+01:00 [APP LOGGER] INFO +++++++++++++++++ STARTING APP - log Level: 10 +++++++++++++++++
2024-01-26T13:42:40.936+01:00 [APP LOGGER] INFO Logger pid: 23748
2024-01-26T13:42:40.937+01:00 [APP LOGGER] INFO >>> STARTING LOGGER <<<
2024-01-26T13:42:40.938+01:00 [APP LOGGER] INFO FTP service init succeed
2024-01-26T13:42:43.129+01:00 [APP LOGGER] INFO Connected with success
2024-01-26T13:42:43.130+01:00 [APP LOGGER] ERROR An error occured : >>>>>>>>  Please check the error logs.  <<<<<<<<
2024-01-26T13:42:43.130+01:00 [APP LOGGER] INFO >>> STOPPING APP <<<
2024-01-26T13:42:43.230+01:00 [APP LOGGER] INFO +++++++++++++++++ STOPPING APP FROM LOGGER +++++++++++++++++
2024-01-26T13:43:36.556+01:00 [APP LOGGER] INFO +++++++++++++++++ STARTING APP - log Level: 10 +++++++++++++++++
2024-01-26T13:43:36.651+01:00 [APP LOGGER] INFO Logger pid: 23512
2024-01-26T13:43:36.651+01:00 [APP LOGGER] INFO >>> STARTING LOGGER <<<
2024-01-26T13:43:36.652+01:00 [APP LOGGER] INFO FTP service init succeed
2024-01-26T13:43:38.721+01:00 [APP LOGGER] INFO Connected with success
2024-01-26T13:43:38.724+01:00 [APP LOGGER] INFO  Data will be saved in : ./data/2024-01-26_13-43-38
2024-01-26T13:45:39.732+01:00 [APP LOGGER] INFO  All data downloaded with success in :  ./data/2024-01-26_13-43-38
2024-01-26T13:45:39.748+01:00 [APP LOGGER] INFO Disconnected from server successfully
2024-01-26T13:45:39.748+01:00 [APP LOGGER] INFO >>> STOPPING APP <<<
2024-01-26T13:45:39.848+01:00 [APP LOGGER] INFO +++++++++++++++++ STOPPING APP FROM LOGGER +++++++++++++++++
2024-01-26T13:59:16.693+01:00 [APP LOGGER] INFO +++++++++++++++++ STARTING APP - log Level: 10 +++++++++++++++++
2024-01-26T13:59:16.806+01:00 [APP LOGGER] INFO Logger pid: 9052
2024-01-26T13:59:16.807+01:00 [APP LOGGER] INFO >>> STARTING LOGGER <<<
2024-01-26T13:59:16.807+01:00 [APP LOGGER] INFO FTP service init succeed
2024-01-26T13:59:18.982+01:00 [APP LOGGER] INFO Connected with success
2024-01-26T13:59:18.984+01:00 [APP LOGGER] INFO  Data will be saved in : ./data/2024-01-26_13-59-18
2024-01-26T14:01:01.986+01:00 [APP LOGGER] INFO  All data downloaded with success in :  ./data/2024-01-26_13-59-18
2024-01-26T14:01:02.001+01:00 [APP LOGGER] INFO Disconnected from server successfully
2024-01-26T14:01:02.001+01:00 [APP LOGGER] INFO >>> STOPPING APP <<<
2024-01-26T14:01:02.101+01:00 [APP LOGGER] INFO +++++++++++++++++ STOPPING APP FROM LOGGER +++++++++++++++++
2024-01-26T14:04:50.575+01:00 [APP LOGGER] INFO +++++++++++++++++ STARTING APP - log Level: 10 +++++++++++++++++
2024-01-26T14:04:50.684+01:00 [APP LOGGER] INFO Logger pid: 6052
2024-01-26T14:04:50.685+01:00 [APP LOGGER] INFO >>> STARTING LOGGER <<<
2024-01-26T14:04:50.685+01:00 [APP LOGGER] INFO FTP service init succeed
2024-01-26T14:04:53.020+01:00 [APP LOGGER] INFO Connected with success
2024-01-26T14:04:53.021+01:00 [APP LOGGER] INFO  Data will be saved in : ./data/2024-01-26_14-04-53
2024-01-26T14:06:14.871+01:00 [APP LOGGER] INFO  All data downloaded with success in :  ./data/2024-01-26_14-04-53
2024-01-26T14:06:14.887+01:00 [APP LOGGER] INFO Disconnected from server successfully
2024-01-26T14:06:14.887+01:00 [APP LOGGER] INFO >>> STOPPING APP <<<
2024-01-26T14:06:14.987+01:00 [APP LOGGER] INFO +++++++++++++++++ STOPPING APP FROM LOGGER +++++++++++++++++
